<?xml version="1.0" encoding="UTF-8"?>
<!-- Generated by org.testng.reporters.JUnitReportReporter -->
<testsuite skipped="0" hostname="DESKTOP-19NCAKV" name="testng.SoftAssertions" tests="1" failures="0" timestamp="2022-05-26T19:03:04 IST" time="25.996" errors="0">
  <testcase name="test" time="25.996" classname="testng.SoftAssertions"/>
  <system-out/>
</testsuite> <!-- testng.SoftAssertions -->
