<?xml version="1.0" encoding="UTF-8"?>
<!-- Generated by org.testng.reporters.JUnitReportReporter -->
<testsuite skipped="0" hostname="DESKTOP-19NCAKV" name="ati.website.PopUp" tests="1" failures="0" timestamp="2022-05-19T00:16:16 IST" time="3.122" errors="0">
  <testcase name="popup" time="3.122" classname="ati.website.PopUp"/>
  <system-out/>
</testsuite> <!-- ati.website.PopUp -->
