<?xml version="1.0" encoding="UTF-8"?>
<!-- Generated by org.testng.reporters.JUnitReportReporter -->
<testsuite skipped="0" hostname="DESKTOP-19NCAKV" name="ati.website.MultipleWindows" tests="1" failures="0" timestamp="2022-05-20T15:17:00 IST" time="3.720" errors="0">
  <testcase name="multiplewindow" time="3.720" classname="ati.website.MultipleWindows"/>
  <system-out/>
</testsuite> <!-- ati.website.MultipleWindows -->
