<?xml version="1.0" encoding="UTF-8"?>
<!-- Generated by org.testng.reporters.JUnitReportReporter -->
<testsuite skipped="0" hostname="DESKTOP-19NCAKV" name="demo.Validation" tests="1" failures="0" timestamp="2022-05-27T15:48:29 IST" time="0.020" errors="0">
  <testcase name="test" time="0.020" classname="demo.Validation"/>
  <system-out/>
</testsuite> <!-- demo.Validation -->
