<?xml version="1.0" encoding="UTF-8"?>
<!-- Generated by org.testng.reporters.JUnitReportReporter -->
<testsuite skipped="1" hostname="DESKTOP-19NCAKV" name="demo.LoginPageDDT" tests="1" failures="0" timestamp="2022-05-31T16:26:39 IST" time="0.000" errors="0">
  <testcase name="signintestddt" time="0.000" classname="demo.LoginPageDDT">
    <skipped/>
  </testcase> <!-- signintestddt -->
  <system-out/>
</testsuite> <!-- demo.LoginPageDDT -->
