<?xml version="1.0" encoding="UTF-8"?>
<!-- Generated by org.testng.reporters.JUnitReportReporter -->
<testsuite skipped="0" hostname="DESKTOP-19NCAKV" name="ati.website.DropDown" tests="1" failures="0" timestamp="2022-05-19T00:23:29 IST" time="0.149" errors="0">
  <testcase name="dropdown" time="0.149" classname="ati.website.DropDown"/>
  <system-out/>
</testsuite> <!-- ati.website.DropDown -->
