<?xml version="1.0" encoding="UTF-8"?>
<!-- Generated by org.testng.reporters.JUnitReportReporter -->
<testsuite skipped="0" hostname="DESKTOP-19NCAKV" name="easy.website.DatePickerByJs" tests="1" failures="0" timestamp="2022-05-19T19:30:54 IST" time="0.669" errors="0">
  <testcase name="datepickerbyjs" time="0.669" classname="easy.website.DatePickerByJs"/>
  <system-out/>
</testsuite> <!-- easy.website.DatePickerByJs -->
