<?xml version="1.0" encoding="UTF-8"?>
<!-- Generated by org.testng.reporters.JUnitReportReporter -->
<testsuite skipped="0" hostname="DESKTOP-19NCAKV" name="testng.Assertions" tests="1" failures="0" timestamp="2022-05-26T18:40:21 IST" time="0.032" errors="0">
  <testcase name="test" time="0.032" classname="testng.Assertions"/>
  <system-out/>
</testsuite> <!-- testng.Assertions -->
