<?xml version="1.0" encoding="UTF-8"?>
<!-- Generated by org.testng.reporters.JUnitReportReporter -->
<testsuite skipped="0" hostname="DESKTOP-19NCAKV" name="testng.DataProvider2" tests="3" failures="0" timestamp="2022-05-31T16:29:31 IST" time="37.837" errors="0">
  <testcase name="loginDDT" time="12.575" classname="testng.DataProvider2"/>
  <system-out/>
  <testcase name="loginDDT" time="17.610" classname="testng.DataProvider2"/>
  <system-out/>
  <testcase name="loginDDT" time="7.652" classname="testng.DataProvider2"/>
  <system-out/>
</testsuite> <!-- testng.DataProvider2 -->
