<?xml version="1.0" encoding="UTF-8"?>
<!-- Generated by org.testng.reporters.JUnitReportReporter -->
<testsuite skipped="0" hostname="DESKTOP-19NCAKV" name="tasks.DynamicDDT" tests="1" failures="0" timestamp="2022-06-02T21:06:39 IST" time="0.030" errors="0">
  <testcase name="test" time="0.030" classname="tasks.DynamicDDT"/>
  <system-out/>
</testsuite> <!-- tasks.DynamicDDT -->
