<?xml version="1.0" encoding="UTF-8"?>
<!-- Generated by org.testng.reporters.JUnitReportReporter -->
<testsuite skipped="0" hostname="DESKTOP-19NCAKV" name="dropdown.FlipkartDropDown" tests="1" failures="0" timestamp="2022-05-18T15:12:29 IST" time="29.135" errors="0">
  <testcase name="flipkartdropdown" time="29.135" classname="dropdown.FlipkartDropDown"/>
  <system-out/>
</testsuite> <!-- dropdown.FlipkartDropDown -->
