<?xml version="1.0" encoding="UTF-8"?>
<!-- Generated by org.testng.reporters.JUnitReportReporter -->
<testsuite skipped="0" hostname="DESKTOP-19NCAKV" name="testng.BeforeGroup" tests="2" failures="0" timestamp="2022-06-01T17:43:36 IST" time="0.019" errors="0">
  <testcase name="test3" time="0.017" classname="testng.BeforeGroup"/>
  <system-out/>
  <testcase name="test4" time="0.002" classname="testng.BeforeGroup"/>
  <system-out/>
</testsuite> <!-- testng.BeforeGroup -->
