<?xml version="1.0" encoding="UTF-8"?>
<!-- Generated by org.testng.reporters.JUnitReportReporter -->
<testsuite skipped="0" hostname="DESKTOP-19NCAKV" name="ati.website.ComboBox" tests="1" failures="0" timestamp="2022-05-19T22:28:39 IST" time="3.418" errors="0">
  <testcase name="combobox" time="3.418" classname="ati.website.ComboBox"/>
  <system-out/>
</testsuite> <!-- ati.website.ComboBox -->
