<?xml version="1.0" encoding="UTF-8"?>
<!-- Generated by org.testng.reporters.JUnitReportReporter -->
<testsuite skipped="0" hostname="DESKTOP-19NCAKV" name="testng.DataProvider3" tests="4" failures="0" timestamp="2022-05-31T18:27:22 IST" time="22.311" errors="0">
  <testcase name="test" time="8.875" classname="testng.DataProvider3"/>
  <system-out/>
  <testcase name="test" time="3.658" classname="testng.DataProvider3"/>
  <system-out/>
  <testcase name="test" time="3.481" classname="testng.DataProvider3"/>
  <system-out/>
  <testcase name="test" time="6.297" classname="testng.DataProvider3"/>
  <system-out/>
</testsuite> <!-- testng.DataProvider3 -->
