<?xml version="1.0" encoding="UTF-8"?>
<!-- Generated by org.testng.reporters.JUnitReportReporter -->
<testsuite skipped="0" hostname="DESKTOP-19NCAKV" name="tasks.DropDownValidation" tests="1" failures="0" timestamp="2022-05-27T16:09:59 IST" time="2.702" errors="0">
  <testcase name="dropDown" time="2.702" classname="tasks.DropDownValidation"/>
  <system-out/>
</testsuite> <!-- tasks.DropDownValidation -->
