<?xml version="1.0" encoding="UTF-8"?>
<!-- Generated by org.testng.reporters.JUnitReportReporter -->
<testsuite skipped="0" hostname="DESKTOP-19NCAKV" name="mousehover.MouseHover2" tests="1" failures="0" timestamp="2022-05-20T19:39:12 IST" time="14.696" errors="0">
  <testcase name="mousedhover2" time="14.696" classname="mousehover.MouseHover2"/>
  <system-out/>
</testsuite> <!-- mousehover.MouseHover2 -->
