<?xml version="1.0" encoding="UTF-8"?>
<!-- Generated by org.testng.reporters.JUnitReportReporter -->
<testsuite skipped="0" hostname="DESKTOP-19NCAKV" name="ati.website.DoubleClickAndRightClick" tests="1" failures="0" timestamp="2022-05-24T19:02:16 IST" time="3.791" errors="0">
  <testcase name="doubleclickandrightclick" time="3.791" classname="ati.website.DoubleClickAndRightClick"/>
  <system-out/>
</testsuite> <!-- ati.website.DoubleClickAndRightClick -->
