<?xml version="1.0" encoding="UTF-8"?>
<!-- Generated by org.testng.reporters.JUnitReportReporter -->
<testsuite skipped="0" hostname="DESKTOP-19NCAKV" name="easy.website.Scroll" tests="1" failures="0" timestamp="2022-05-24T19:19:39 IST" time="11.635" errors="0">
  <testcase name="scroll" time="11.635" classname="easy.website.Scroll"/>
  <system-out/>
</testsuite> <!-- easy.website.Scroll -->
