<?xml version="1.0" encoding="UTF-8"?>
<!-- Generated by org.testng.reporters.JUnitReportReporter -->
<testsuite skipped="0" hostname="DESKTOP-19NCAKV" name="dropdown.DropDown" tests="1" failures="0" timestamp="2022-05-18T17:37:44 IST" time="53.954" errors="0">
  <testcase name="dropdown" time="53.954" classname="dropdown.DropDown"/>
  <system-out/>
</testsuite> <!-- dropdown.DropDown -->
