<?xml version="1.0" encoding="UTF-8"?>
<!-- Generated by org.testng.reporters.JUnitReportReporter -->
<testsuite skipped="0" hostname="DESKTOP-19NCAKV" name="ati.website.Alerts" tests="1" failures="0" timestamp="2022-05-20T14:46:40 IST" time="3.347" errors="0">
  <testcase name="alerts" time="3.347" classname="ati.website.Alerts"/>
  <system-out/>
</testsuite> <!-- ati.website.Alerts -->
