<?xml version="1.0" encoding="UTF-8"?>
<!-- Generated by org.testng.reporters.JUnitReportReporter -->
<testsuite skipped="0" hostname="DESKTOP-19NCAKV" name="ati.website.SameElementCheckbox" tests="1" failures="0" timestamp="2022-05-20T16:09:18 IST" time="0.514" errors="0">
  <testcase name="samelementcheckbox" time="0.514" classname="ati.website.SameElementCheckbox"/>
  <system-out/>
</testsuite> <!-- ati.website.SameElementCheckbox -->
