<?xml version="1.0" encoding="UTF-8"?>
<!-- Generated by org.testng.reporters.JUnitReportReporter -->
<testsuite skipped="3" hostname="DESKTOP-19NCAKV" name="testng.SkipTestCases" tests="3" failures="0" timestamp="2022-05-26T20:02:59 IST" time="0.019" errors="0">
  <testcase name="skiptest2" time="0.016" classname="testng.SkipTestCases">
    <skipped/>
  </testcase> <!-- skiptest2 -->
  <system-out/>
  <testcase name="skiptest3" time="0.003" classname="testng.SkipTestCases">
    <skipped/>
  </testcase> <!-- skiptest3 -->
  <system-out/>
  <testcase name="skiptest1" classname="testng.SkipTestCases">
    <skipped/>
  </testcase> <!-- skiptest1 -->
  <system-out/>
</testsuite> <!-- testng.SkipTestCases -->
