<?xml version="1.0" encoding="UTF-8"?>
<!-- Generated by org.testng.reporters.JUnitReportReporter -->
<testsuite skipped="0" hostname="DESKTOP-19NCAKV" name="ati.website.CheckBox" tests="1" failures="0" timestamp="2022-05-19T00:10:22 IST" time="0.358" errors="0">
  <testcase name="checkbox" time="0.358" classname="ati.website.CheckBox"/>
  <system-out/>
</testsuite> <!-- ati.website.CheckBox -->
