<?xml version="1.0" encoding="UTF-8"?>
<!-- Generated by org.testng.reporters.JUnitReportReporter -->
<testsuite skipped="0" hostname="DESKTOP-19NCAKV" name="ati.website.TextBox" tests="1" failures="0" timestamp="2022-05-18T22:57:27 IST" time="24.033" errors="0">
  <testcase name="textbox" time="24.033" classname="ati.website.TextBox"/>
  <system-out/>
</testsuite> <!-- ati.website.TextBox -->
