<?xml version="1.0" encoding="UTF-8"?>
<!-- Generated by org.testng.reporters.JUnitReportReporter -->
<testsuite skipped="0" hostname="DESKTOP-19NCAKV" name="testng.BeforeMethodandTest" tests="2" failures="0" timestamp="2022-05-26T14:55:55 IST" time="0.018" errors="0">
  <testcase name="test1" time="0.004" classname="testng.BeforeMethodandTest"/>
  <system-out/>
  <testcase name="test" time="0.014" classname="testng.BeforeMethodandTest"/>
  <system-out/>
</testsuite> <!-- testng.BeforeMethodandTest -->
