<?xml version="1.0" encoding="UTF-8"?>
<!-- Generated by org.testng.reporters.JUnitReportReporter -->
<testsuite skipped="0" hostname="DESKTOP-19NCAKV" name="tasks.Provider" tests="10" failures="0" timestamp="2022-06-03T15:29:11 IST" time="0.030" errors="0">
  <testcase name="test123" time="0.009" classname="tasks.Provider"/>
  <system-out/>
  <testcase name="test123" time="0.005" classname="tasks.Provider"/>
  <system-out/>
  <testcase name="test123" time="0.001" classname="tasks.Provider"/>
  <system-out/>
  <testcase name="test123" time="0.003" classname="tasks.Provider"/>
  <system-out/>
  <testcase name="test123" time="0.003" classname="tasks.Provider"/>
  <system-out/>
  <testcase name="test123" time="0.002" classname="tasks.Provider"/>
  <system-out/>
  <testcase name="test123" time="0.001" classname="tasks.Provider"/>
  <system-out/>
  <testcase name="test123" time="0.002" classname="tasks.Provider"/>
  <system-out/>
  <testcase name="test123" time="0.002" classname="tasks.Provider"/>
  <system-out/>
  <testcase name="test123" time="0.002" classname="tasks.Provider"/>
  <system-out/>
</testsuite> <!-- tasks.Provider -->
