<?xml version="1.0" encoding="UTF-8"?>
<!-- Generated by org.testng.reporters.JUnitReportReporter -->
<testsuite skipped="0" hostname="DESKTOP-19NCAKV" name="testng.Groups" tests="4" failures="0" timestamp="2022-05-26T19:42:51 IST" time="0.023" errors="0">
  <testcase name="test" time="0.016" classname="testng.Groups"/>
  <system-out/>
  <testcase name="test2" time="0.004" classname="testng.Groups"/>
  <system-out/>
  <testcase name="test4" time="0.001" classname="testng.Groups"/>
  <system-out/>
  <testcase name="test6" time="0.002" classname="testng.Groups"/>
  <system-out/>
</testsuite> <!-- testng.Groups -->
