<?xml version="1.0" encoding="UTF-8"?>
<!-- Generated by org.testng.reporters.JUnitReportReporter -->
<testsuite skipped="0" hostname="DESKTOP-19NCAKV" name="testng.Annotations" tests="2" failures="0" timestamp="2022-05-25T18:52:07 IST" time="0.018" errors="0">
  <testcase name="test1" time="0.005" classname="testng.Annotations"/>
  <system-out/>
  <testcase name="test" time="0.013" classname="testng.Annotations"/>
  <system-out/>
</testsuite> <!-- testng.Annotations -->
