<?xml version="1.0" encoding="UTF-8"?>
<!-- Generated by org.testng.reporters.JUnitReportReporter -->
<testsuite skipped="0" hostname="DESKTOP-19NCAKV" name="mousehover.MouseHover3" tests="1" failures="0" timestamp="2022-05-20T19:45:17 IST" time="37.174" errors="0">
  <testcase name="mousehover3" time="37.174" classname="mousehover.MouseHover3"/>
  <system-out/>
</testsuite> <!-- mousehover.MouseHover3 -->
