<?xml version="1.0" encoding="UTF-8"?>
<!-- Generated by org.testng.reporters.JUnitReportReporter -->
<testsuite skipped="0" hostname="DESKTOP-19NCAKV" name="ati.website.DatePicker" tests="1" failures="0" timestamp="2022-05-19T19:36:21 IST" time="3.057" errors="0">
  <testcase name="datepicker" time="3.057" classname="ati.website.DatePicker"/>
  <system-out/>
</testsuite> <!-- ati.website.DatePicker -->
