<?xml version="1.0" encoding="UTF-8"?>
<!-- Generated by org.testng.reporters.JUnitReportReporter -->
<testsuite skipped="0" hostname="DESKTOP-19NCAKV" name="testng.Annotations2" tests="2" failures="0" timestamp="2022-06-01T15:42:35 IST" time="1.159" errors="0">
  <testcase name="loginTest" time="0.381" classname="testng.Annotations2"/>
  <system-out/>
  <testcase name="cartTest" time="0.778" classname="testng.Annotations2"/>
  <system-out/>
</testsuite> <!-- testng.Annotations2 -->
