<?xml version="1.0" encoding="UTF-8"?>
<!-- Generated by org.testng.reporters.JUnitReportReporter -->
<testsuite skipped="0" hostname="DESKTOP-19NCAKV" name="ati.website.RadioButton" tests="1" failures="0" timestamp="2022-05-24T19:30:51 IST" time="3.222" errors="0">
  <testcase name="radiobutton" time="3.222" classname="ati.website.RadioButton"/>
  <system-out/>
</testsuite> <!-- ati.website.RadioButton -->
