<?xml version="1.0" encoding="UTF-8"?>
<!-- Generated by org.testng.reporters.JUnitReportReporter -->
<testsuite skipped="0" hostname="DESKTOP-19NCAKV" name="demo.DataProviderExample" tests="3" failures="0" timestamp="2022-05-27T18:27:39 IST" time="0.017" errors="0">
  <testcase name="myLoginTest" time="0.004" classname="demo.DataProviderExample"/>
  <system-out/>
  <testcase name="myLoginTest" time="0.002" classname="demo.DataProviderExample"/>
  <system-out/>
  <testcase name="myLoginTest" time="0.011" classname="demo.DataProviderExample"/>
  <system-out/>
</testsuite> <!-- demo.DataProviderExample -->
