<?xml version="1.0" encoding="UTF-8"?>
<!-- Generated by org.testng.reporters.JUnitReportReporter -->
<testsuite skipped="0" hostname="DESKTOP-19NCAKV" name="mousehover.MouseHover1" tests="1" failures="0" timestamp="2022-05-20T19:26:35 IST" time="11.913" errors="0">
  <testcase name="mousehover1" time="11.913" classname="mousehover.MouseHover1"/>
  <system-out/>
</testsuite> <!-- mousehover.MouseHover1 -->
