<?xml version="1.0" encoding="UTF-8"?>
<!-- Generated by org.testng.reporters.JUnitReportReporter -->
<testsuite skipped="0" hostname="DESKTOP-19NCAKV" name="testng.Annotations2" tests="1" failures="0" timestamp="2022-05-31T14:43:25 IST" time="0.410" errors="0">
  <testcase name="loginTest" time="0.410" classname="testng.Annotations2"/>
  <system-out/>
</testsuite> <!-- testng.Annotations2 -->
