<?xml version="1.0" encoding="UTF-8"?>
<!-- Generated by org.testng.reporters.JUnitReportReporter -->
<testsuite skipped="0" hostname="DESKTOP-19NCAKV" name="ati.website.Waits" tests="1" failures="0" timestamp="2022-05-20T15:32:22 IST" time="0.203" errors="0">
  <testcase name="waits" time="0.203" classname="ati.website.Waits"/>
  <system-out/>
</testsuite> <!-- ati.website.Waits -->
