<?xml version="1.0" encoding="UTF-8"?>
<!-- Generated by org.testng.reporters.JUnitReportReporter -->
<testsuite skipped="0" hostname="DESKTOP-19NCAKV" name="easy.website.Scroll" tests="1" failures="0" timestamp="2022-05-25T15:31:56 IST" time="12.198" errors="0">
  <testcase name="scroll" time="12.198" classname="easy.website.Scroll"/>
  <system-out/>
</testsuite> <!-- easy.website.Scroll -->
