<?xml version="1.0" encoding="UTF-8"?>
<!-- Generated by org.testng.reporters.JUnitReportReporter -->
<testsuite skipped="0" hostname="DESKTOP-19NCAKV" name="easy.website.DatePicker" tests="1" failures="0" timestamp="2022-05-19T18:01:16 IST" time="5.710" errors="0">
  <testcase name="datepicker" time="5.710" classname="easy.website.DatePicker"/>
  <system-out/>
</testsuite> <!-- easy.website.DatePicker -->
