<?xml version="1.0" encoding="UTF-8"?>
<!-- Generated by org.testng.reporters.JUnitReportReporter -->
<testsuite skipped="0" hostname="DESKTOP-19NCAKV" name="testng.DataProviderTest" tests="6" failures="0" timestamp="2022-05-31T19:07:09 IST" time="0.025" errors="0">
  <testcase name="test2" time="0.005" classname="testng.DataProviderTest"/>
  <system-out/>
  <testcase name="test2" time="0.002" classname="testng.DataProviderTest"/>
  <system-out/>
  <testcase name="test" time="0.001" classname="testng.DataProviderTest"/>
  <system-out/>
  <testcase name="test" time="0.014" classname="testng.DataProviderTest"/>
  <system-out/>
  <testcase name="test" time="0.002" classname="testng.DataProviderTest"/>
  <system-out/>
  <testcase name="test2" time="0.001" classname="testng.DataProviderTest"/>
  <system-out/>
</testsuite> <!-- testng.DataProviderTest -->
