<?xml version="1.0" encoding="UTF-8"?>
<!-- Generated by org.testng.reporters.JUnitReportReporter -->
<testsuite skipped="0" hostname="DESKTOP-19NCAKV" name="ati.website.TextArea" tests="1" failures="0" timestamp="2022-05-18T22:43:28 IST" time="23.465" errors="0">
  <testcase name="textarea" time="23.465" classname="ati.website.TextArea"/>
  <system-out/>
</testsuite> <!-- ati.website.TextArea -->
