<?xml version="1.0" encoding="UTF-8"?>
<!-- Generated by org.testng.reporters.JUnitReportReporter -->
<testsuite skipped="0" hostname="DESKTOP-19NCAKV" name="testng.DataProvider2" tests="3" failures="0" timestamp="2022-05-31T21:27:17 IST" time="27.069" errors="0">
  <testcase name="loginDDT" time="10.404" classname="testng.DataProvider2"/>
  <system-out/>
  <testcase name="loginDDT" time="7.865" classname="testng.DataProvider2"/>
  <system-out/>
  <testcase name="loginDDT" time="8.800" classname="testng.DataProvider2"/>
  <system-out/>
</testsuite> <!-- testng.DataProvider2 -->
