<?xml version="1.0" encoding="UTF-8"?>
<!-- Generated by org.testng.reporters.JUnitReportReporter -->
<testsuite skipped="0" hostname="DESKTOP-19NCAKV" name="demo.DynamicWebTable" tests="1" failures="0" timestamp="2022-05-17T18:45:33 IST" time="11.959" errors="0">
  <testcase name="dyanmicwebtable" time="11.959" classname="demo.DynamicWebTable"/>
  <system-out/>
</testsuite> <!-- demo.DynamicWebTable -->
