<?xml version="1.0" encoding="UTF-8"?>
<!-- Generated by org.testng.reporters.JUnitReportReporter -->
<testsuite skipped="0" hostname="DESKTOP-19NCAKV" name="testng.DataProvider1" tests="3" failures="0" timestamp="2022-05-31T15:50:07 IST" time="0.019" errors="0">
  <testcase name="loginTest" time="0.001" classname="testng.DataProvider1"/>
  <system-out/>
  <testcase name="loginTest" time="0.002" classname="testng.DataProvider1"/>
  <system-out/>
  <testcase name="loginTest" time="0.016" classname="testng.DataProvider1"/>
  <system-out/>
</testsuite> <!-- testng.DataProvider1 -->
