<?xml version="1.0" encoding="UTF-8"?>
<!-- Generated by org.testng.reporters.JUnitReportReporter -->
<testsuite skipped="0" hostname="DESKTOP-19NCAKV" name="testng.Groups" tests="7" failures="0" timestamp="2022-06-01T17:46:13 IST" time="0.031" errors="0">
  <testcase name="test6" time="0.002" classname="testng.Groups"/>
  <system-out/>
  <testcase name="test1" time="0.002" classname="testng.Groups"/>
  <system-out/>
  <testcase name="test2" time="0.002" classname="testng.Groups"/>
  <system-out/>
  <testcase name="test" time="0.019" classname="testng.Groups"/>
  <system-out/>
  <testcase name="test3" time="0.002" classname="testng.Groups"/>
  <system-out/>
  <testcase name="test5" time="0.002" classname="testng.Groups"/>
  <system-out/>
  <testcase name="test4" time="0.002" classname="testng.Groups"/>
  <system-out/>
</testsuite> <!-- testng.Groups -->
