<?xml version="1.0" encoding="UTF-8"?>
<!-- Generated by org.testng.reporters.JUnitReportReporter -->
<testsuite skipped="0" hostname="DESKTOP-19NCAKV" name="ati.website.DropDown" tests="1" failures="0" timestamp="2022-05-24T19:05:12 IST" time="0.192" errors="0">
  <testcase name="dropdown" time="0.192" classname="ati.website.DropDown"/>
  <system-out/>
</testsuite> <!-- ati.website.DropDown -->
