<?xml version="1.0" encoding="UTF-8"?>
<!-- Generated by org.testng.reporters.JUnitReportReporter -->
<testsuite skipped="0" hostname="DESKTOP-19NCAKV" name="web_table.StaticWebTable" tests="1" failures="0" timestamp="2022-05-17T23:15:16 IST" time="29.334" errors="0">
  <testcase name="statictable" time="29.334" classname="web_table.StaticWebTable"/>
  <system-out/>
</testsuite> <!-- web_table.StaticWebTable -->
