<?xml version="1.0" encoding="UTF-8"?>
<!-- Generated by org.testng.reporters.JUnitReportReporter -->
<testsuite skipped="0" hostname="DESKTOP-19NCAKV" name="ati.website.IFrame" tests="1" failures="0" timestamp="2022-05-19T00:39:16 IST" time="0.424" errors="0">
  <testcase name="iframe" time="0.424" classname="ati.website.IFrame"/>
  <system-out/>
</testsuite> <!-- ati.website.IFrame -->
