<?xml version="1.0" encoding="UTF-8"?>
<!-- Generated by org.testng.reporters.JUnitReportReporter -->
<testsuite skipped="0" hostname="DESKTOP-19NCAKV" name="tasks.DynamicDDT2" tests="1" failures="0" timestamp="2022-06-03T14:52:36 IST" time="0.024" errors="0">
  <testcase name="test" time="0.024" classname="tasks.DynamicDDT2"/>
  <system-out/>
</testsuite> <!-- tasks.DynamicDDT2 -->
