<?xml version="1.0" encoding="UTF-8"?>
<!-- Generated by org.testng.reporters.JUnitReportReporter -->
<testsuite skipped="0" hostname="DESKTOP-19NCAKV" name="ati.website.RadioButton" tests="1" failures="0" timestamp="2022-05-18T23:54:12 IST" time="3.193" errors="0">
  <testcase name="radiobutton" time="3.193" classname="ati.website.RadioButton"/>
  <system-out/>
</testsuite> <!-- ati.website.RadioButton -->
