<?xml version="1.0" encoding="UTF-8"?>
<!-- Generated by org.testng.reporters.JUnitReportReporter -->
<testsuite skipped="0" hostname="DESKTOP-19NCAKV" name="ati.website.WebTable" tests="1" failures="0" timestamp="2022-05-19T00:26:44 IST" time="0.233" errors="0">
  <testcase name="webtable" time="0.233" classname="ati.website.WebTable"/>
  <system-out/>
</testsuite> <!-- ati.website.WebTable -->
