<?xml version="1.0" encoding="UTF-8"?>
<!-- Generated by org.testng.reporters.JUnitReportReporter -->
<testsuite skipped="0" hostname="DESKTOP-19NCAKV" name="tasks.Test2" tests="1" failures="0" timestamp="2022-06-02T22:50:12 IST" time="0.010" errors="0">
  <testcase name="maines" time="0.010" classname="tasks.Test2"/>
  <system-out/>
</testsuite> <!-- tasks.Test2 -->
