<?xml version="1.0" encoding="UTF-8"?>
<!-- Generated by org.testng.reporters.JUnitReportReporter -->
<testsuite skipped="0" hostname="DESKTOP-19NCAKV" name="tasks.DyamicDDT" tests="1" failures="0" timestamp="2022-06-02T22:47:03 IST" time="0.028" errors="0">
  <testcase name="ddt" time="0.028" classname="tasks.DyamicDDT"/>
  <system-out/>
</testsuite> <!-- tasks.DyamicDDT -->
