<?xml version="1.0" encoding="UTF-8"?>
<!-- Generated by org.testng.reporters.JUnitReportReporter -->
<testsuite skipped="0" hostname="DESKTOP-19NCAKV" name="dropdown.DropDownCss" tests="1" failures="0" timestamp="2022-05-18T17:41:59 IST" time="34.652" errors="0">
  <testcase name="dropdowncss" time="34.652" classname="dropdown.DropDownCss"/>
  <system-out/>
</testsuite> <!-- dropdown.DropDownCss -->
