<?xml version="1.0" encoding="UTF-8"?>
<!-- Generated by org.testng.reporters.JUnitReportReporter -->
<testsuite skipped="0" hostname="DESKTOP-19NCAKV" name="web_table.MavenTable" tests="1" failures="0" timestamp="2022-05-17T23:44:15 IST" time="16.393" errors="0">
  <testcase name="maventable" time="16.393" classname="web_table.MavenTable"/>
  <system-out/>
</testsuite> <!-- web_table.MavenTable -->
