<?xml version="1.0" encoding="UTF-8"?>
<!-- Generated by org.testng.reporters.JUnitReportReporter -->
<testsuite skipped="0" hostname="DESKTOP-19NCAKV" name="tasks.Example" tests="1" failures="0" timestamp="2022-06-02T21:18:26 IST" time="0.014" errors="0">
  <testcase name="example" time="0.014" classname="tasks.Example"/>
  <system-out/>
</testsuite> <!-- tasks.Example -->
